<?xml version="1.0" encoding="UTF-8"?>
<!-- Generated by org.testng.reporters.JUnitReportReporter -->
<testsuite skipped="0" hostname="SYN-DN7NXX1" name="com.technocredits.orangeHRM.TestScripts.LoginTest" tests="1" failures="0" timestamp="24 Oct 2018 10:08:00 GMT" time="15.029" errors="0">
  <testcase name="dologin" time="15.029" classname="com.technocredits.orangeHRM.TestScripts.LoginTest"/>
</testsuite> <!-- com.technocredits.orangeHRM.TestScripts.LoginTest -->
