<?xml version="1.0" encoding="UTF-8"?>
<!-- Generated by org.testng.reporters.JUnitReportReporter -->
<testsuite skipped="0" hostname="Dikshu" name="com.technocredits.orangeHRM.TestScripts.LoginTest" tests="1" failures="0" timestamp="20 Oct 2018 11:44:21 GMT" time="40.450" errors="0">
  <testcase name="runlogin" time="40.450" classname="com.technocredits.orangeHRM.TestScripts.LoginTest"/>
</testsuite> <!-- com.technocredits.orangeHRM.TestScripts.LoginTest -->
